<?xml version="1.0" encoding="UTF-8"?>
<!-- Generated by org.testng.reporters.JUnitXMLReporter -->
<testsuite hostname="ALVIS" ignored="0" name="reg" tests="11" failures="0" timestamp="03 Feb 2020 12:57:57 GMT" time="0.151" errors="0">
  <testcase name="tc01" time="0.005" classname="org.parallel.MyTest"/>
  <testcase name="tc02" time="0.003" classname="org.parallel.MyTest"/>
  <testcase name="tc03" time="0.002" classname="org.parallel.MyTest"/>
  <testcase name="tc04" time="0.004" classname="org.parallel.MyTest"/>
  <testcase name="tc05" time="0.002" classname="org.parallel.MyTest"/>
  <testcase name="tc06" time="0.01" classname="org.parallel.MyTest"/>
  <testcase name="tc11" time="0.007" classname="org.parallel.MyTestOne"/>
  <testcase name="tc12" time="0.002" classname="org.parallel.MyTestOne"/>
  <testcase name="tc13" time="0.015" classname="org.parallel.MyTestOne"/>
  <testcase name="tc14" time="0.002" classname="org.parallel.MyTestOne"/>
  <testcase name="tc15" time="0.002" classname="org.parallel.MyTestOne"/>
</testsuite> <!-- reg -->
