<?xml version="1.0" encoding="UTF-8"?>
<!-- Generated by org.testng.reporters.JUnitXMLReporter -->
<testsuite hostname="ALVIS" ignored="7" name="Default test(failed)(failed)" tests="33" failures="3" timestamp="09 Jan 2020 14:06:22 GMT" time="0.22" errors="0">
  <testcase name="tc004" time="0.016" classname="org.failed.TestFailed">
    <skipped/>
  </testcase> <!-- tc004 -->
  <testcase name="tc004" time="0.002" classname="org.failed.TestFailed">
    <skipped/>
  </testcase> <!-- tc004 -->
  <testcase name="tc004" time="0.002" classname="org.failed.TestFailed">
    <skipped/>
  </testcase> <!-- tc004 -->
  <testcase name="tc004" time="0.002" classname="org.failed.TestFailed">
    <skipped/>
  </testcase> <!-- tc004 -->
  <testcase name="tc004" time="0.002" classname="org.failed.TestFailed">
    <skipped/>
  </testcase> <!-- tc004 -->
  <testcase name="tc004" time="0.003" classname="org.failed.TestFailed">
    <skipped/>
  </testcase> <!-- tc004 -->
  <testcase name="tc004" time="0.002" classname="org.failed.TestFailed">
    <skipped/>
  </testcase> <!-- tc004 -->
  <testcase name="tc004" time="0.002" classname="org.failed.TestFailed">
    <skipped/>
  </testcase> <!-- tc004 -->
  <testcase name="tc004" time="0.002" classname="org.failed.TestFailed">
    <skipped/>
  </testcase> <!-- tc004 -->
  <testcase name="tc004" time="0.002" classname="org.failed.TestFailed">
    <skipped/>
  </testcase> <!-- tc004 -->
  <testcase name="tc004" time="0.002" classname="org.failed.TestFailed">
    <failure type="java.lang.AssertionError" message="expected [true] but found [false]">
      <![CDATA[java.lang.AssertionError: expected [true] but found [false]
at org.failed.TestFailed.tc004(TestFailed.java:24)
... Removed 29 stack frames]]>
    </failure>
  </testcase> <!-- tc004 -->
  <testcase name="tc003" time="0.002" classname="org.failed.TestFailed">
    <skipped/>
  </testcase> <!-- tc003 -->
  <testcase name="tc003" time="0.002" classname="org.failed.TestFailed">
    <skipped/>
  </testcase> <!-- tc003 -->
  <testcase name="tc003" time="0.002" classname="org.failed.TestFailed">
    <skipped/>
  </testcase> <!-- tc003 -->
  <testcase name="tc003" time="0.002" classname="org.failed.TestFailed">
    <skipped/>
  </testcase> <!-- tc003 -->
  <testcase name="tc003" time="0.002" classname="org.failed.TestFailed">
    <skipped/>
  </testcase> <!-- tc003 -->
  <testcase name="tc003" time="0.002" classname="org.failed.TestFailed">
    <skipped/>
  </testcase> <!-- tc003 -->
  <testcase name="tc003" time="0.002" classname="org.failed.TestFailed">
    <skipped/>
  </testcase> <!-- tc003 -->
  <testcase name="tc003" time="0.001" classname="org.failed.TestFailed">
    <skipped/>
  </testcase> <!-- tc003 -->
  <testcase name="tc003" time="0.002" classname="org.failed.TestFailed">
    <skipped/>
  </testcase> <!-- tc003 -->
  <testcase name="tc003" time="0.001" classname="org.failed.TestFailed">
    <skipped/>
  </testcase> <!-- tc003 -->
  <testcase name="tc003" time="0.001" classname="org.failed.TestFailed">
    <failure type="java.lang.AssertionError" message="expected [true] but found [false]">
      <![CDATA[java.lang.AssertionError: expected [true] but found [false]
at org.failed.TestFailed.tc003(TestFailed.java:19)
... Removed 29 stack frames]]>
    </failure>
  </testcase> <!-- tc003 -->
  <testcase name="tc007" time="0.002" classname="org.failed.TestFailed">
    <skipped/>
  </testcase> <!-- tc007 -->
  <testcase name="tc007" time="0.001" classname="org.failed.TestFailed">
    <skipped/>
  </testcase> <!-- tc007 -->
  <testcase name="tc007" time="0.002" classname="org.failed.TestFailed">
    <skipped/>
  </testcase> <!-- tc007 -->
  <testcase name="tc007" time="0.002" classname="org.failed.TestFailed">
    <skipped/>
  </testcase> <!-- tc007 -->
  <testcase name="tc007" time="0.002" classname="org.failed.TestFailed">
    <skipped/>
  </testcase> <!-- tc007 -->
  <testcase name="tc007" time="0.002" classname="org.failed.TestFailed">
    <skipped/>
  </testcase> <!-- tc007 -->
  <testcase name="tc007" time="0.001" classname="org.failed.TestFailed">
    <skipped/>
  </testcase> <!-- tc007 -->
  <testcase name="tc007" time="0.002" classname="org.failed.TestFailed">
    <skipped/>
  </testcase> <!-- tc007 -->
  <testcase name="tc007" time="0.001" classname="org.failed.TestFailed">
    <skipped/>
  </testcase> <!-- tc007 -->
  <testcase name="tc007" time="0.001" classname="org.failed.TestFailed">
    <skipped/>
  </testcase> <!-- tc007 -->
  <testcase name="tc007" time="0.001" classname="org.failed.TestFailed">
    <failure type="java.lang.AssertionError" message="expected [true] but found [false]">
      <![CDATA[java.lang.AssertionError: expected [true] but found [false]
at org.failed.TestFailed.tc007(TestFailed.java:39)
... Removed 29 stack frames]]>
    </failure>
  </testcase> <!-- tc007 -->
  <testcase name="tc010" time="0.0" classname="org.failed.TestFailed">
    <ignored/>
  </testcase> <!-- tc010 -->
  <testcase name="tc002" time="0.0" classname="org.failed.TestFailed">
    <ignored/>
  </testcase> <!-- tc002 -->
  <testcase name="tc001" time="0.0" classname="org.failed.TestFailed">
    <ignored/>
  </testcase> <!-- tc001 -->
  <testcase name="tc006" time="0.0" classname="org.failed.TestFailed">
    <ignored/>
  </testcase> <!-- tc006 -->
  <testcase name="tc005" time="0.0" classname="org.failed.TestFailed">
    <ignored/>
  </testcase> <!-- tc005 -->
  <testcase name="tc008" time="0.0" classname="org.failed.TestFailed">
    <ignored/>
  </testcase> <!-- tc008 -->
  <testcase name="tc009" time="0.0" classname="org.failed.TestFailed">
    <ignored/>
  </testcase> <!-- tc009 -->
</testsuite> <!-- Default test(failed)(failed) -->
